"C:/Users/Megaport/Documents/ShootingStars/ShootingStars/Content/HUD/hud_menu.uasset" 0
"C:/Users/Megaport/Documents/ShootingStars/ShootingStars/Content/hud_menu.uasset" 1
"C:/Users/Megaport/Documents/ShootingStars/ShootingStars/Content/AnimStarterPack/UE4_Mannequin/Mesh/UE4_Mannequin_Skeleton.uasset" 2
"C:/Users/Megaport/Documents/ShootingStars/ShootingStars/Content/AnimStarterPack/Aim_Space_Hip.uasset" 3
"C:/Users/Megaport/Documents/ShootingStars/ShootingStars/Content/AnimStarterPack/Aim_Space_Ironsights.uasset" 4
"C:/Users/Megaport/Documents/ShootingStars/ShootingStars/Content/AnimStarterPack/Crouch_to_Stand_Rifle_Hip.uasset" 5
"C:/Users/Megaport/Documents/ShootingStars/ShootingStars/Content/AnimStarterPack/Crouch_to_Stand_Rifle_Ironsights.uasset" 6
"C:/Users/Megaport/Documents/ShootingStars/ShootingStars/Content/AnimStarterPack/Crouch_Walk_Bwd_Rifle_Ironsights.uasset" 7
"C:/Users/Megaport/Documents/ShootingStars/ShootingStars/Content/AnimStarterPack/Crouch_Walk_Lt_Rifle_Ironsights.uasset" 8
"C:/Users/Megaport/Documents/ShootingStars/ShootingStars/Content/AnimStarterPack/Crouch_Walk_Rt_Rifle_Ironsights.uasset" 9
"C:/Users/Megaport/Documents/ShootingStars/ShootingStars/Content/AnimStarterPack/Death_1.uasset" 10
"C:/Users/Megaport/Documents/ShootingStars/ShootingStars/Content/AnimStarterPack/Death_2.uasset" 11
"C:/Users/Megaport/Documents/ShootingStars/ShootingStars/Content/AnimStarterPack/Death_3.uasset" 12
"C:/Users/Megaport/Documents/ShootingStars/ShootingStars/Content/AnimStarterPack/Death_Ironsights_1.uasset" 13
"C:/Users/Megaport/Documents/ShootingStars/ShootingStars/Content/AnimStarterPack/Death_Ironsights_2.uasset" 14
"C:/Users/Megaport/Documents/ShootingStars/ShootingStars/Content/AnimStarterPack/Equip_Rifle_Standing.uasset" 15
"C:/Users/Megaport/Documents/ShootingStars/ShootingStars/Content/AnimStarterPack/Fire_Rifle_Hip.uasset" 16
"C:/Users/Megaport/Documents/ShootingStars/ShootingStars/Content/AnimStarterPack/Fire_Shotgun_Hip.uasset" 17
"C:/Users/Megaport/Documents/ShootingStars/ShootingStars/Content/AnimStarterPack/Fire_Shotgun_Ironsights.uasset" 18
"C:/Users/Megaport/Documents/ShootingStars/ShootingStars/Content/AnimStarterPack/Hit_React_4.uasset" 19
"C:/Users/Megaport/Documents/ShootingStars/ShootingStars/Content/AnimStarterPack/Idle_Pistol.uasset" 20
"C:/Users/Megaport/Documents/ShootingStars/ShootingStars/Content/AnimStarterPack/Idle_Rifle_Ironsights.uasset" 21
"C:/Users/Megaport/Documents/ShootingStars/ShootingStars/Content/AnimStarterPack/Jump_From_Stand_Ironsights.uasset" 22
"C:/Users/Megaport/Documents/ShootingStars/ShootingStars/Content/AnimStarterPack/Prone_Death_1.uasset" 23
"C:/Users/Megaport/Documents/ShootingStars/ShootingStars/Content/AnimStarterPack/Prone_Death_2.uasset" 24
"C:/Users/Megaport/Documents/ShootingStars/ShootingStars/Content/AnimStarterPack/Prone_Fire_1.uasset" 25
"C:/Users/Megaport/Documents/ShootingStars/ShootingStars/Content/AnimStarterPack/Prone_Fire_2.uasset" 26
"C:/Users/Megaport/Documents/ShootingStars/ShootingStars/Content/AnimStarterPack/Prone_Idle.uasset" 27
"C:/Users/Megaport/Documents/ShootingStars/ShootingStars/Content/AnimStarterPack/Prone_Reload_Rifle.uasset" 28
"C:/Users/Megaport/Documents/ShootingStars/ShootingStars/Content/AnimStarterPack/Prone_Reload_Shotgun.uasset" 29
"C:/Users/Megaport/Documents/ShootingStars/ShootingStars/Content/AnimStarterPack/Prone_To_Stand.uasset" 30
"C:/Users/Megaport/Documents/ShootingStars/ShootingStars/Content/AnimStarterPack/Reload_Pistol.uasset" 31
"C:/Users/Megaport/Documents/ShootingStars/ShootingStars/Content/AnimStarterPack/Reload_Rifle_Ironsights.uasset" 32
"C:/Users/Megaport/Documents/ShootingStars/ShootingStars/Content/AnimStarterPack/Reload_Shotgun_Hip.uasset" 33
"C:/Users/Megaport/Documents/ShootingStars/ShootingStars/Content/AnimStarterPack/Reload_Shotgun_Ironsights.uasset" 34
"C:/Users/Megaport/Documents/ShootingStars/ShootingStars/Content/AnimStarterPack/Sprint_Fwd_Rifle.uasset" 35
"C:/Users/Megaport/Documents/ShootingStars/ShootingStars/Content/AnimStarterPack/Stand_to_Crouch_Rifle_Hip.uasset" 36
"C:/Users/Megaport/Documents/ShootingStars/ShootingStars/Content/AnimStarterPack/Stand_to_Crouch_Rifle_Ironsights.uasset" 37
"C:/Users/Megaport/Documents/ShootingStars/ShootingStars/Content/AnimStarterPack/Stand_To_Prone.uasset" 38
"C:/Users/Megaport/Documents/ShootingStars/ShootingStars/Content/AnimStarterPack/Walk_Bwd_Rifle_Ironsights.uasset" 39
"C:/Users/Megaport/Documents/ShootingStars/ShootingStars/Content/AnimStarterPack/Walk_Lt_Rifle_Ironsights.uasset" 40
"C:/Users/Megaport/Documents/ShootingStars/ShootingStars/Content/AnimStarterPack/Walk_Rt_Rifle_Ironsights.uasset" 41
"C:/Users/Megaport/Documents/ShootingStars/ShootingStars/Content/GameMode/BP_ShootingStarsGameMode.uasset" 42
"C:/Users/Megaport/Documents/ShootingStars/ShootingStars/Content/HUD/Textures/Crosshair.uasset" 43
"C:/Users/Megaport/Documents/ShootingStars/ShootingStars/Content/NPC/Behavior/BP_aliens.uasset" 44
"C:/Users/Megaport/Documents/ShootingStars/ShootingStars/Content/AnimStarterPack/Crouch_Idle_Rifle_Hip.uasset" 45
"C:/Users/Megaport/Documents/ShootingStars/ShootingStars/Content/AnimStarterPack/Idle_Rifle_Hip.uasset" 46
"C:/Users/Megaport/Documents/ShootingStars/ShootingStars/Content/AnimStarterPack/Jump_From_Jog.uasset" 47
"C:/Users/Megaport/Documents/ShootingStars/ShootingStars/Content/AnimStarterPack/Jump_From_Stand.uasset" 48
"C:/Users/Megaport/Documents/ShootingStars/ShootingStars/Content/AnimStarterPack/Crouch_Walk_Bwd_Rifle_Hip.uasset" 49
"C:/Users/Megaport/Documents/ShootingStars/ShootingStars/Content/AnimStarterPack/Crouch_Walk_Fwd_Rifle_Hip.uasset" 50
"C:/Users/Megaport/Documents/ShootingStars/ShootingStars/Content/AnimStarterPack/Crouch_Walk_Lt_Rifle_Hip.uasset" 51
"C:/Users/Megaport/Documents/ShootingStars/ShootingStars/Content/AnimStarterPack/Crouch_Walk_Rt_Rifle_Hip.uasset" 52
"C:/Users/Megaport/Documents/ShootingStars/ShootingStars/Content/AnimStarterPack/BS_CrouchWalk.uasset" 53
"C:/Users/Megaport/Documents/ShootingStars/ShootingStars/Content/AnimStarterPack/Jog_Bwd_Rifle.uasset" 54
"C:/Users/Megaport/Documents/ShootingStars/ShootingStars/Content/AnimStarterPack/Jog_Fwd_Rifle.uasset" 55
"C:/Users/Megaport/Documents/ShootingStars/ShootingStars/Content/AnimStarterPack/Jog_Lt_Rifle.uasset" 56
"C:/Users/Megaport/Documents/ShootingStars/ShootingStars/Content/AnimStarterPack/Jog_Rt_Rifle.uasset" 57
"C:/Users/Megaport/Documents/ShootingStars/ShootingStars/Content/AnimStarterPack/BS_Jog.uasset" 58
"../../../Engine/Content/EditorBlueprintResources/StandardMacros.uasset" 59
"../../../Engine/Content/Functions/Engine_MaterialFunctions02/Utility/BlendAngleCorrectedNormals.uasset" 60
"../../../Engine/Content/Functions/MaterialLayerFunctions/MatLayerBlend_AO.uasset" 61
"../../../Engine/Content/Functions/MaterialLayerFunctions/MatLayerBlend_NormalBlend.uasset" 62
"../../../Engine/Content/Functions/MaterialLayerFunctions/MatLayerBlend_Simple.uasset" 63
"C:/Users/Megaport/Documents/ShootingStars/ShootingStars/Content/AnimStarterPack/UE4_Mannequin/Materials/MaterialLayers/T_ML_Rubber_Blue_01_D.uasset" 64
"C:/Users/Megaport/Documents/ShootingStars/ShootingStars/Content/AnimStarterPack/UE4_Mannequin/Materials/MaterialLayers/T_ML_Rubber_Blue_01_N.uasset" 65
"C:/Users/Megaport/Documents/ShootingStars/ShootingStars/Content/AnimStarterPack/UE4_Mannequin/Materials/MaterialLayers/ML_GlossyBlack_Latex_UE4.uasset" 66
"C:/Users/Megaport/Documents/ShootingStars/ShootingStars/Content/AnimStarterPack/UE4_Mannequin/Materials/MaterialLayers/ML_Plastic_Shiny_Beige.uasset" 67
"C:/Users/Megaport/Documents/ShootingStars/ShootingStars/Content/AnimStarterPack/UE4_Mannequin/Textures/UE4_LOGO_CARD.uasset" 68
"C:/Users/Megaport/Documents/ShootingStars/ShootingStars/Content/AnimStarterPack/UE4_Mannequin/Materials/MaterialLayers/ML_Plastic_Shiny_Beige_LOGO.uasset" 69
"C:/Users/Megaport/Documents/ShootingStars/ShootingStars/Content/AnimStarterPack/UE4_Mannequin/Materials/MaterialLayers/T_ML_Aluminum01.uasset" 70
"C:/Users/Megaport/Documents/ShootingStars/ShootingStars/Content/AnimStarterPack/UE4_Mannequin/Materials/MaterialLayers/T_ML_Aluminum01_N.uasset" 71
"C:/Users/Megaport/Documents/ShootingStars/ShootingStars/Content/AnimStarterPack/UE4_Mannequin/Materials/MaterialLayers/ML_SoftMetal_UE4.uasset" 72
"C:/Users/Megaport/Documents/ShootingStars/ShootingStars/Content/AnimStarterPack/UE4_Mannequin/Textures/UE4_Mannequin__normals.uasset" 73
"C:/Users/Megaport/Documents/ShootingStars/ShootingStars/Content/AnimStarterPack/UE4_Mannequin/Textures/UE4_Mannequin_MAT_MASKA.uasset" 74
"C:/Users/Megaport/Documents/ShootingStars/ShootingStars/Content/AnimStarterPack/UE4_Mannequin/Textures/UE4_Mannequin_occlusion_Mobile.uasset" 75
"C:/Users/Megaport/Documents/ShootingStars/ShootingStars/Content/AnimStarterPack/UE4_Mannequin/Materials/M_UE4Man_Body.uasset" 76
"C:/Users/Megaport/Documents/ShootingStars/ShootingStars/Content/AnimStarterPack/UE4_Mannequin/Textures/UE4Man_Logo_N.uasset" 77
"C:/Users/Megaport/Documents/ShootingStars/ShootingStars/Content/AnimStarterPack/UE4_Mannequin/Materials/M_UE4Man_ChestLogo.uasset" 78
"C:/Users/Megaport/Documents/ShootingStars/ShootingStars/Content/AnimStarterPack/UE4_Mannequin/Mesh/SK_Mannequin_PhysicsAsset.uasset" 79
"C:/Users/Megaport/Documents/ShootingStars/ShootingStars/Content/AnimStarterPack/UE4_Mannequin/Mesh/SK_Mannequin.uasset" 80
"C:/Users/Megaport/Documents/ShootingStars/ShootingStars/Content/HUD/HUD_pause.uasset" 81
"C:/Users/Megaport/Documents/ShootingStars/ShootingStars/Content/Player/Behavior/BP_PlayerCharacter.uasset" 82
"C:/Users/Megaport/Documents/ShootingStars/ShootingStars/Content/AnimStarterPack/UE4ASP_HeroTPP_AnimBlueprint.uasset" 83
"C:/Users/Megaport/Documents/ShootingStars/ShootingStars/Content/Props/Mesh/M_UE4Man_Body_alien.uasset" 84
"C:/Users/Megaport/Documents/ShootingStars/ShootingStars/Content/Props/Mesh/M_UE4Man_ChestLogo_alien.uasset" 85
"C:/Users/Megaport/Documents/ShootingStars/ShootingStars/Content/Props/Behavior/Alien.uasset" 86
"C:/Users/Megaport/Documents/ShootingStars/ShootingStars/Content/Props/Mesh/mat_shooting_star.uasset" 87
"C:/Users/Megaport/Documents/ShootingStars/ShootingStars/Content/Props/Mesh/little_shooting_star_3.uasset" 88
"C:/Users/Megaport/Documents/ShootingStars/ShootingStars/Content/Props/Behavior/BP_Meteor.uasset" 89
"C:/Users/Megaport/Documents/ShootingStars/ShootingStars/Content/Props/Mesh/Materials/Mat_shooting_star.uasset" 90
"../../../Engine/Content/Functions/Engine_MaterialFunctions01/Opacity/CameraDepthFade.uasset" 91
"../../../Engine/Content/EngineMaterials/T_Default_Material_Grid_M.uasset" 92
"../../../Engine/Content/EngineMaterials/T_Default_Material_Grid_N.uasset" 93
"../../../Engine/Content/EngineMaterials/WorldGridMaterial.uasset" 94
"C:/Users/Megaport/Documents/ShootingStars/ShootingStars/Content/Props/Mesh/CircularPlane.uasset" 95
"C:/Users/Megaport/Documents/ShootingStars/ShootingStars/Content/Props/Behavior/BP_MeteorField.uasset" 96
"C:/Users/Megaport/Documents/ShootingStars/ShootingStars/Content/Props/Mesh/red_line.uasset" 97
"../../../Engine/Content/EngineMaterials/DefaultMaterial.uasset" 98
"../../../Engine/Content/BasicShapes/Cylinder.uasset" 99
"C:/Users/Megaport/Documents/ShootingStars/ShootingStars/Content/Props/Behavior/BP_meteor_spawner.uasset" 100
"C:/Users/Megaport/Documents/ShootingStars/ShootingStars/Content/Props/Mesh/little_shooting_star_1.uasset" 101
"C:/Users/Megaport/Documents/ShootingStars/ShootingStars/Content/Props/Mesh/little_shooting_star_2.uasset" 102
"C:/Users/Megaport/Documents/ShootingStars/ShootingStars/Content/Props/Mesh/Materials/Mat_comete.uasset" 103
"../../../Engine/Content/Animation/DefaultAnimCurveCompressionSettings.uasset" 104
"../../../Engine/Content/ArtTools/RenderToTexture/Meshes/S_1_Unit_Plane.uasset" 105
"../../../Engine/Content/BasicShapes/Cone.uasset" 106
"../../../Engine/Content/BasicShapes/Cube.uasset" 107
"../../../Engine/Content/BasicShapes/Plane.uasset" 108
"../../../Engine/Content/BasicShapes/Sphere.uasset" 109
"../../../Engine/Content/EditorLandscapeResources/DataLayer.uasset" 110
"../../../Engine/Content/EditorMaterials/MAT_Groups_Toggle.uasset" 111
"../../../Engine/Content/EditorMaterials/MAT_Groups_Visibility.uasset" 112
"../../../Engine/Content/EditorMaterials/PreviewShadowIndicator.uasset" 113
"../../../Engine/Content/EditorMaterials/PreviewShadowIndicatorMaterial.uasset" 114
"../../../Engine/Content/EditorMaterials/MatineeGroups/MAT_ColorTrack.uasset" 115
"../../../Engine/Content/EditorMaterials/MatineeGroups/MAT_Groups_Anim.uasset" 116
"../../../Engine/Content/EditorMaterials/MatineeGroups/MAT_Groups_AudioMaster.uasset" 117
"../../../Engine/Content/EditorMaterials/MatineeGroups/MAT_Groups_Director.uasset" 118
"../../../Engine/Content/EditorMaterials/MatineeGroups/MAT_Groups_Event.uasset" 119
"../../../Engine/Content/EditorMaterials/MatineeGroups/MAT_Groups_Fade.uasset" 120
"../../../Engine/Content/EditorMaterials/MatineeGroups/MAT_Groups_Float.uasset" 121
"../../../Engine/Content/EditorMaterials/MatineeGroups/MAT_Groups_Move.uasset" 122
"../../../Engine/Content/EditorMaterials/MatineeGroups/MAT_Groups_Slomo.uasset" 123
"../../../Engine/Content/EditorMaterials/MatineeGroups/MAT_Groups_Sound.uasset" 124
"../../../Engine/Content/EditorMaterials/MatineeGroups/MAT_Groups_Vector.uasset" 125
"../../../Engine/Content/EditorMaterials/ParticleSystems/PSysThumbnail_NoImage.uasset" 126
"../../../Engine/Content/EditorMaterials/ParticleSystems/PSysThumbnail_OOD.uasset" 127
"../../../Engine/Content/EditorMaterials/Camera/CineMat.uasset" 128
"../../../Engine/Content/EditorMaterials/Camera/MI_CineMat_Rig.uasset" 129
"../../../Engine/Content/EditorMeshes/Camera/SM_CraneRig_Arm.uasset" 130
"../../../Engine/Content/EditorMeshes/Camera/SM_CraneRig_Base.uasset" 131
"../../../Engine/Content/EditorMeshes/Camera/SM_CraneRig_Body.uasset" 132
"../../../Engine/Content/EditorMeshes/Camera/SM_CraneRig_Mount.uasset" 133
"../../../Engine/Content/EditorMeshes/Camera/SM_RailRig_Mount.uasset" 134
"../../../Engine/Content/EditorMeshes/Camera/SM_RailRig_Track.uasset" 135
"../../../Engine/Content/EditorResources/BSPVertex.uasset" 136
"../../../Engine/Content/EditorResources/EmptyActor.uasset" 137
"../../../Engine/Content/EditorResources/S_Actor.uasset" 138
"../../../Engine/Content/EditorResources/S_Note.uasset" 139
"../../../Engine/Content/EditorResources/S_Solver.uasset" 140
"../../../Engine/Content/EditorResources/S_Trigger.uasset" 141
"../../../Engine/Content/EditorResources/LightIcons/S_LightError.uasset" 142
"../../../Engine/Content/EditorResources/SequenceRecorder/Countdown.uasset" 143
"../../../Engine/Content/EditorResources/SequenceRecorder/RecordingIndicator.uasset" 144
"../../../Engine/Content/EditorSounds/Notifications/CompileFailed.uasset" 145
"../../../Engine/Content/EditorSounds/Notifications/CompileFailed_Cue.uasset" 146
"../../../Engine/Content/EditorSounds/Notifications/CompileSuccess.uasset" 147
"../../../Engine/Content/EditorSounds/Notifications/CompileStart_Cue.uasset" 148
"../../../Engine/Content/EditorSounds/Notifications/CompileSuccess_Cue.uasset" 149
"../../../Engine/Content/EngineDamageTypes/DmgTypeBP_Environmental.uasset" 150
"../../../Engine/Content/EngineDebugMaterials/DebugEditorMaterial.uasset" 151
"../../../Engine/Content/EngineDebugMaterials/DebugMeshMaterial.uasset" 152
"../../../Engine/Content/EngineDebugMaterials/M_SimpleTranslucent.uasset" 153
"../../../Engine/Content/Functions/Engine_MaterialFunctions02/Utility/CameraDirectionVector.uasset" 154
"../../../Engine/Content/EngineDebugMaterials/VolumeToRender.uasset" 155
"../../../Engine/Content/EngineDebugMaterials/M_VolumeRenderSphereTracePP.uasset" 156
"../../../Engine/Content/EngineDebugMaterials/WireframeMaterial.uasset" 157
"../../../Engine/Content/EngineFonts/Faces/DroidSansFallback.uasset" 158
"../../../Engine/Content/EngineFonts/Faces/RobotoBold.uasset" 159
"../../../Engine/Content/EngineFonts/Faces/RobotoBoldItalic.uasset" 160
"../../../Engine/Content/EngineFonts/Faces/RobotoItalic.uasset" 161
"../../../Engine/Content/EngineFonts/Faces/RobotoLight.uasset" 162
"../../../Engine/Content/EngineFonts/Faces/RobotoRegular.uasset" 163
"../../../Engine/Content/EngineFonts/Roboto.uasset" 164
"../../../Engine/Content/EngineMaterials/BaseFlattenDiffuseMap.uasset" 165
"../../../Engine/Content/EngineMaterials/BaseFlattenEmissiveMap.uasset" 166
"../../../Engine/Content/EngineMaterials/BaseFlattenGrayscaleMap.uasset" 167
"../../../Engine/Content/EngineMaterials/BaseFlattenNormalMap.uasset" 168
"../../../Engine/Content/EngineMaterials/BaseFlattenMaterial.uasset" 169
"../../../Engine/Content/EngineMaterials/BlueNoise.uasset" 170
"../../../Engine/Content/EngineMaterials/DefaultBloomKernel.uasset" 171
"../../../Engine/Content/EngineMaterials/DefaultBokeh.uasset" 172
"../../../Engine/Content/EngineMaterials/DefaultDiffuse.uasset" 173
"../../../Engine/Content/EngineMaterials/DefaultDeferredDecalMaterial.uasset" 174
"../../../Engine/Content/EngineMaterials/DefaultLightFunctionMaterial.uasset" 175
"../../../Engine/Content/EngineMaterials/DefaultPhysicalMaterial.uasset" 176
"../../../Engine/Content/Functions/Engine_MaterialFunctions02/Utility/BreakOutFloat2Components.uasset" 177
"../../../Engine/Content/EngineMaterials/DefaultPostProcessMaterial.uasset" 178
"../../../Engine/Content/EngineFonts/RobotoDistanceField.uasset" 179
"../../../Engine/Content/EngineMaterials/DefaultTextMaterialOpaque.uasset" 180
"../../../Engine/Content/EngineMaterials/DefaultVirtualTextureMaterial.uasset" 181
"../../../Engine/Content/EngineMaterials/DefaultWhiteGrid.uasset" 182
"../../../Engine/Content/EngineMaterials/DefaultWhiteGrid_Low.uasset" 183
"../../../Engine/Content/EngineMaterials/EmissiveMeshMaterial.uasset" 184
"../../../Engine/Content/EngineMaterials/GizmoMaterial.uasset" 185
"../../../Engine/Content/EngineMaterials/Good64x64TilingNoiseHighFreq.uasset" 186
"../../../Engine/Content/EngineMaterials/HairDefaultMaterial.uasset" 187
"../../../Engine/Content/EngineMaterials/MiniFont.uasset" 188
"../../../Engine/Content/EngineMaterials/InvalidLightmapSettings.uasset" 189
"../../../Engine/Content/EngineMaterials/M_InvalidLightmapSettings.uasset" 190
"../../../Engine/Content/Functions/Engine_MaterialFunctions02/WorldPositionOffset/CameraOffset.uasset" 191
"../../../Engine/Content/EngineMaterials/PhAT_JointLimitMaterial.uasset" 192
"../../../Engine/Content/EngineMaterials/PreintegratedSkinBRDF.uasset" 193
"../../../Engine/Content/EngineMaterials/RemoveSurfaceMaterial.uasset" 194
"../../../Engine/Content/EngineMaterials/WeightMapPlaceholderTexture.uasset" 195
"../../../Engine/Content/EngineResources/WhiteSquareTexture.uasset" 196
"../../../Engine/Content/EngineMaterials/Widget3DPassThrough.uasset" 197
"../../../Engine/Content/EngineMaterials/Widget3DPassThrough_Masked.uasset" 198
"../../../Engine/Content/EngineMaterials/Widget3DPassThrough_Opaque.uasset" 199
"../../../Engine/Content/EngineMaterials/Widget3DPassThrough_Masked_OneSided.uasset" 200
"../../../Engine/Content/EngineMaterials/Widget3DPassThrough_Opaque_OneSided.uasset" 201
"../../../Engine/Content/EngineMaterials/Widget3DPassThrough_Translucent.uasset" 202
"../../../Engine/Content/EngineMaterials/Widget3DPassThrough_Translucent_OneSided.uasset" 203
"../../../Engine/Content/EngineMeshes/Cylinder.uasset" 204
"../../../Engine/Content/EngineMeshes/Sphere.uasset" 205
"../../../Engine/Content/EngineResources/Black.uasset" 206
"../../../Engine/Content/EngineResources/DefaultTexture.uasset" 207
"../../../Engine/Content/EngineResources/DefaultTextureCube.uasset" 208
"../../../Engine/Content/EngineResources/DefaultVolumeTexture2D.uasset" 209
"../../../Engine/Content/EngineResources/DefaultVolumeTexture.uasset" 210
"../../../Engine/Content/EngineResources/GradientTexture0.uasset" 211
"../../../Engine/Content/EngineSounds/Master.uasset" 212
"../../../Engine/Content/Functions/Engine_MaterialFunctions01/Shading/ConvertFromDiffSpec.uasset" 213
"../../../Engine/Content/Functions/Engine_MaterialFunctions01/Shading/PowerToRoughness.uasset" 214
"../../../Engine/Content/Maps/Templates/Thumbnails/Default.uasset" 215
"../../../Engine/Content/Maps/Templates/Thumbnails/TimeOfDay.uasset" 216
"../../../Engine/Content/Maps/Templates/Thumbnails/VR-Basic.uasset" 217
"../../../Engine/Content/MobileResources/T_MobileControls_texture.uasset" 218
"../../../Engine/Content/MobileResources/T_MobileMenu2.uasset" 219
"../../../Engine/Content/MobileResources/HUD/AnalogHat.uasset" 220
"../../../Engine/Content/MobileResources/HUD/VirtualJoystick_Background.uasset" 221
"../../../Engine/Content/MobileResources/HUD/VirtualJoystick_Thumb.uasset" 222
"../../../Engine/Content/MobileResources/HUD/DefaultVirtualJoysticks.uasset" 223
"../../../Engine/Content/MobileResources/HUD/LeftVirtualJoystickOnly.uasset" 224
"../../../Engine/Content/MobileResources/HUD/MobileHUDButton1_off.uasset" 225
"../../../Engine/Content/MobileResources/HUD/MobileHUDButton1_on.uasset" 226
"../../../Engine/Content/MobileResources/HUD/MobileHUDButton2_off.uasset" 227
"../../../Engine/Content/MobileResources/HUD/MobileHUDButton2_on.uasset" 228
"../../../Engine/Content/MobileResources/HUD/MobileHUDButton3.uasset" 229
"../../../Engine/Content/MobileResources/HUD/MobileHUDButtonFire.uasset" 230
"../../../Engine/Content/MobileResources/HUD/MobileHUDDirectionPad.uasset" 231
"../../../Engine/Content/MobileResources/HUD/MobileHUDDirectionPad2.uasset" 232
"../../../Engine/Content/MobileResources/HUD/MobileHUDDirectionPad3.uasset" 233
"../../../Engine/Content/MobileResources/HUD/MobileHUDDirectionStick.uasset" 234
"../../../Engine/Content/MobileResources/HUD/T_Castle_ThumbstickInner.uasset" 235
"../../../Engine/Content/MobileResources/HUD/T_Castle_ThumbstickOutter.uasset" 236
"../../../Engine/Content/Tutorial/ContentIntroCurve.uasset" 237
"../../../Engine/Content/Tutorial/Basics/LevelEditorAttract.uasset" 238
"../../../Engine/Content/Tutorial/Basics/TutorialAssets/icon_tab_Levels_40x.uasset" 239
"../../../Engine/Content/Tutorial/Basics/LevelEditorOverview.uasset" 240
"../../../Engine/Content/VREditor/LaserPointer/VR_LaserPower_01.uasset" 241
"../../../Engine/Content/VREditor/TransformGizmo/TransformGizmoMaterial.uasset" 242
"../../../Engine/Content/VREditor/TransformGizmo/TranslucentTransformGizmoMaterial.uasset" 243
"../../../Engine/Content/VREditor/TransformGizmo/BoundingBoxCorner.uasset" 244
"../../../Engine/Content/VREditor/TransformGizmo/BoundingBoxEdge.uasset" 245
"../../../Engine/Content/VREditor/TransformGizmo/PlaneTranslationHandle.uasset" 246
"../../../Engine/Content/VREditor/TransformGizmo/Main.uasset" 247
"../../../Engine/Content/VREditor/TransformGizmo/Xray.uasset" 248
"../../../Engine/Content/VREditor/TransformGizmo/SM_Sequencer_Key.uasset" 249
"../../../Engine/Content/VREditor/TransformGizmo/SM_Sequencer_Node.uasset" 250
"../../Plugins/2D/Paper2D/Content/PlaceholderTextures/DummySpriteTexture.uasset" 251
"../../Plugins/2D/Paper2D/Content/DummySprite.uasset" 252
"../../Plugins/2D/Paper2D/Content/DefaultPaperTerrainMaterial.uasset" 253
"../../Plugins/2D/Paper2D/Content/DummySpriteTexture.uasset" 254
"../../Plugins/2D/Paper2D/Content/DefaultSpriteMaterial.uasset" 255
"../../Plugins/2D/Paper2D/Content/MaskedUnlitSpriteMaterial.uasset" 256
"../../Plugins/2D/Paper2D/Content/OpaqueUnlitSpriteMaterial.uasset" 257
"C:/Users/Megaport/Documents/ShootingStars/ShootingStars/Content/Props/Behavior/alien_spawn.uasset" 258
"C:/Users/Megaport/Documents/ShootingStars/ShootingStars/Content/Props/Mesh/Mesh_Shooting_Stars.uasset" 259
"C:/Users/Megaport/Documents/ShootingStars/ShootingStars/Content/Props/Behavior/BP_shooting_stars.uasset" 260
"C:/Users/Megaport/Documents/ShootingStars/ShootingStars/Content/Props/Behavior/comete_spawner.uasset" 261
"C:/Users/Megaport/Documents/ShootingStars/ShootingStars/Content/Props/Mesh/door.uasset" 262
"C:/Users/Megaport/Documents/ShootingStars/ShootingStars/Content/Props/Mesh/house.uasset" 263
"C:/Users/Megaport/Documents/ShootingStars/ShootingStars/Content/Props/Mesh/roof.uasset" 264
"C:/Users/Megaport/Documents/ShootingStars/ShootingStars/Content/Props/Mesh/window.uasset" 265
"C:/Users/Megaport/Documents/ShootingStars/ShootingStars/Content/Props/Mesh/level_proto_Cube.uasset" 266
"C:/Users/Megaport/Documents/ShootingStars/ShootingStars/Content/Props/Mesh/Material_001_Base_Color.uasset" 267
"C:/Users/Megaport/Documents/ShootingStars/ShootingStars/Content/Props/Mesh/Material_001.uasset" 268
"C:/Users/Megaport/Documents/ShootingStars/ShootingStars/Content/Props/Mesh/level_proto_Sphere.uasset" 269
"C:/Users/Megaport/Documents/ShootingStars/ShootingStars/Content/Props/Mesh/World.uasset" 270
"C:/Users/Megaport/Documents/ShootingStars/ShootingStars/Content/Maps/Comet_BuiltData.uasset" 271
"C:/Users/Megaport/Documents/ShootingStars/ShootingStars/Content/Maps/Comet.umap" 272
"C:/Users/Megaport/Documents/ShootingStars/ShootingStars/Content/Maps/map_hud.umap" 273
"C:/Users/Megaport/Documents/ShootingStars/ShootingStars/Content/AnimStarterPack/Crouch_Idle_Rifle_Ironsights.uasset" 274
"C:/Users/Megaport/Documents/ShootingStars/ShootingStars/Content/AnimStarterPack/Crouch_Walk_Fwd_Rifle_Ironsights.uasset" 275
"C:/Users/Megaport/Documents/ShootingStars/ShootingStars/Content/AnimStarterPack/Equip_Pistol_Standing.uasset" 276
"C:/Users/Megaport/Documents/ShootingStars/ShootingStars/Content/AnimStarterPack/Fire_Rifle_Ironsights.uasset" 277
"C:/Users/Megaport/Documents/ShootingStars/ShootingStars/Content/AnimStarterPack/Hit_React_1.uasset" 278
"C:/Users/Megaport/Documents/ShootingStars/ShootingStars/Content/AnimStarterPack/Hit_React_2.uasset" 279
"C:/Users/Megaport/Documents/ShootingStars/ShootingStars/Content/AnimStarterPack/Hit_React_3.uasset" 280
"C:/Users/Megaport/Documents/ShootingStars/ShootingStars/Content/AnimStarterPack/Idle_Rifle_Hip_Break1.uasset" 281
"C:/Users/Megaport/Documents/ShootingStars/ShootingStars/Content/AnimStarterPack/Idle_Rifle_Hip_Break2.uasset" 282
"C:/Users/Megaport/Documents/ShootingStars/ShootingStars/Content/AnimStarterPack/Reload_Rifle_Hip.uasset" 283
"C:/Users/Megaport/Documents/ShootingStars/ShootingStars/Content/AnimStarterPack/Walk_Fwd_Rifle_Ironsights.uasset" 284
"../../../Engine/Content/EngineSky/C_Sky_Cloud_Color.uasset" 285
"../../../Engine/Content/EngineSky/C_Sky_Horizon_Color.uasset" 286
"../../../Engine/Content/EngineSky/C_Sky_Zenith_Color.uasset" 287
"../../../Engine/Content/EngineSky/T_Sky_Blue.uasset" 288
"../../../Engine/Content/EngineSky/T_Sky_Clouds_M.uasset" 289
"../../../Engine/Content/EngineSky/T_Sky_Stars.uasset" 290
"../../../Engine/Content/EngineSky/M_Sky_Panning_Clouds2.uasset" 291
"../../../Engine/Content/EngineSky/SM_SkySphere.uasset" 292
"../../../Engine/Content/EngineSky/BP_Sky_Sphere.uasset" 293
"../../../Engine/Content/TemplateResources/M_Template_Master.uasset" 294
"../../../Engine/Content/TemplateResources/MI_Template_BaseGray_03_Metal.uasset" 295
"C:/Users/Megaport/Documents/ShootingStars/ShootingStars/Content/AnimStarterPack/Showcase.umap" 296
"../../../Engine/Content/Maps/Entry_BuiltData.uasset" 297
"../../../Engine/Content/Maps/Entry.umap" 298
